<?xml version="1.0" encoding="UTF-8"?>
<!-- Generated by org.testng.reporters.JUnitReportReporter -->
<testsuite hostname="binbindu-PC" name="com.cn.TestTestNG" tests="1" failures="0" timestamp="29 Nov 2017 10:02:55 GMT" time="0.008" errors="0">
  <testcase name="testEmailGenerator" time="0.008" classname="com.cn.TestTestNG"/>
</testsuite> <!-- com.cn.TestTestNG -->
