<?xml version="1.0" encoding="UTF-8"?>
<!-- Generated by org.testng.reporters.JUnitReportReporter -->
<testsuite hostname="binbindu-PC" name="com.cn.TestDBConnection" tests="2" failures="0" timestamp="30 Nov 2017 08:00:47 GMT" time="0.008" errors="0">
  <testcase name="runOtherTest2" time="0.001" classname="com.cn.TestDBConnection"/>
  <testcase name="runOtherTest1" time="0.007" classname="com.cn.TestDBConnection"/>
</testsuite> <!-- com.cn.TestDBConnection -->
